This is pdfeTeX, Version 3.141592-1.21a-2.2 (Web2C 7.5.4) (format=pdflatex 2008.10.22)  22 OCT 2008 23:20
entering extended mode
**main
(./main.tex
LaTeX2e <2003/12/01>
Babel <v3.8d> and hyphenation patterns for american, french, german, ngerman, b
ahasa, basque, bulgarian, catalan, croatian, czech, danish, dutch, esperanto, e
stonian, finnish, greek, icelandic, irish, italian, latin, magyar, norsk, polis
h, portuges, romanian, russian, serbian, slovak, slovene, spanish, swedish, tur
kish, ukrainian, nohyphenation, loaded.

(/afs/cs.wisc.edu/s/tetex-3.0/i386_tao10/share/texmf/tex/latex/base/article.cls
Document Class: article 2004/02/16 v1.4f Standard LaTeX document class
(/afs/cs.wisc.edu/s/tetex-3.0/i386_tao10/share/texmf/tex/latex/base/size10.clo
File: size10.clo 2004/02/16 v1.4f Standard LaTeX file (size option)
)
\c@part=\count79
\c@section=\count80
\c@subsection=\count81
\c@subsubsection=\count82
\c@paragraph=\count83
\c@subparagraph=\count84
\c@figure=\count85
\c@table=\count86
\abovecaptionskip=\skip41
\belowcaptionskip=\skip42
\bibindent=\dimen102
)
(/afs/cs.wisc.edu/s/tetex-3.0/i386_tao10/share/texmf/tex/latex/graphics/graphic
s.sty
Package: graphics 2001/07/07 v1.0n Standard LaTeX Graphics (DPC,SPQR)

(/afs/cs.wisc.edu/s/tetex-3.0/i386_tao10/share/texmf/tex/latex/graphics/trig.st
y
Package: trig 1999/03/16 v1.09 sin cos tan (DPC)
)
(/afs/cs.wisc.edu/s/tetex-3.0/i386_tao10/share/texmf/tex/latex/graphics/graphic
s.cfg
File: graphics.cfg 2005/02/03 v1.3 graphics configuration of teTeX/TeXLive
)
Package graphics Info: Driver file: pdftex.def on input line 80.

(/afs/cs.wisc.edu/s/tetex-3.0/i386_tao10/share/texmf/tex/latex/graphics/pdftex.
def
File: pdftex.def 2002/06/19 v0.03k graphics/color for pdftex
\Gread@gobject=\count87
))
(/afs/cs.wisc.edu/s/tetex-3.0/i386_tao10/share/texmf/tex/latex/url/url.sty
\Urlmuskip=\muskip10
Package: url 2004/03/15  ver 3.1  Verb mode for urls, etc.
)
(/afs/cs.wisc.edu/s/tetex-3.0/i386_tao10/share/texmf/tex/latex/psnfss/times.sty
Package: times 2004/09/15 PSNFSS-v9.2 (SPQR) 
)
(/afs/cs.wisc.edu/s/tetex-3.0/i386_tao10/share/texmf/tex/latex/psnfss/helvet.st
y
Package: helvet 2004/09/15 PSNFSS-v9.2 (WaS) 

(/afs/cs.wisc.edu/s/tetex-3.0/i386_tao10/share/texmf/tex/latex/graphics/keyval.
sty
Package: keyval 1999/03/16 v1.13 key=value parser (DPC)
\KV@toks@=\toks14
))
(/afs/cs.wisc.edu/s/tetex-3.0/i386_tao10/share/texmf/tex/latex/hyphenat/hyphena
t.sty
Package: hyphenat 2001/01/02 v2.3a hyphenation utilities
\langwohyphens=\language34
LaTeX Info: Redefining \_ on input line 46.
)
(/afs/cs.wisc.edu/s/tetex-3.0/i386_tao10/share/texmf/tex/latex/hyperref/hyperre
f.sty
Package: hyperref 2003/11/30 v6.74m Hypertext links for LaTeX
\@linkdim=\dimen103
\Hy@linkcounter=\count88
\Hy@pagecounter=\count89

(/afs/cs.wisc.edu/s/tetex-3.0/i386_tao10/share/texmf/tex/latex/hyperref/pd1enc.
def
File: pd1enc.def 2003/11/30 v6.74m Hyperref: PDFDocEncoding definition (HO)
)
(/afs/cs.wisc.edu/s/tetex-3.0/i386_tao10/share/texmf/tex/latex/hyperref/hyperre
f.cfg
File: hyperref.cfg 2002/06/06 v1.2 hyperref configuration of TeXLive and teTeX
)
Package hyperref Info: Hyper figures OFF on input line 1880.
Package hyperref Info: Link nesting OFF on input line 1885.
Package hyperref Info: Hyper index ON on input line 1888.
Package hyperref Info: Plain pages ON on input line 1893.
Package hyperref Info: Backreferencing OFF on input line 1900.

Implicit mode ON; LaTeX internals redefined
Package hyperref Info: Bookmarks ON on input line 2004.
LaTeX Info: Redefining \url on input line 2143.
\Fld@menulength=\count90
\Field@Width=\dimen104
\Fld@charsize=\dimen105
\Choice@toks=\toks15
\Field@toks=\toks16
Package hyperref Info: Hyper figures OFF on input line 2618.
Package hyperref Info: Link nesting OFF on input line 2623.
Package hyperref Info: Hyper index ON on input line 2626.
Package hyperref Info: backreferencing OFF on input line 2633.
Package hyperref Info: Link coloring OFF on input line 2638.
\c@Item=\count91
\c@Hfootnote=\count92
)
*hyperref using default driver hpdftex*

(/afs/cs.wisc.edu/s/tetex-3.0/i386_tao10/share/texmf/tex/latex/hyperref/hpdftex
.def
File: hpdftex.def 2003/11/30 v6.74m Hyperref driver for pdfTeX

(/afs/cs.wisc.edu/s/tetex-3.0/i386_tao10/share/texmf/tex/latex/psnfss/pifont.st
y
Package: pifont 2004/09/15 PSNFSS-v9.2 Pi font support (SPQR) 
LaTeX Font Info:    Try loading font information for U+pzd on input line 63.
 (/afs/cs.wisc.edu/s/tetex-3.0/i386_tao10/share/texmf/tex/latex/psnfss/upzd.fd
File: upzd.fd 2001/06/04 font definitions for U/pzd.
)
LaTeX Font Info:    Try loading font information for U+psy on input line 64.
 (/afs/cs.wisc.edu/s/tetex-3.0/i386_tao10/share/texmf/tex/latex/psnfss/upsy.fd
File: upsy.fd 2001/06/04 font definitions for U/psy.
))
\Fld@listcount=\count93
\@outlinefile=\write3
)
(/afs/cs.wisc.edu/s/tetex-3.0/i386_tao10/share/texmf/tex/latex/multirow/multiro
w.sty
\bigstrutjot=\dimen106
) (./main.aux)
\openout1 = `main.aux'.

LaTeX Font Info:    Checking defaults for OML/cmm/m/it on input line 5.
LaTeX Font Info:    ... okay on input line 5.
LaTeX Font Info:    Checking defaults for T1/cmr/m/n on input line 5.
LaTeX Font Info:    ... okay on input line 5.
LaTeX Font Info:    Checking defaults for OT1/cmr/m/n on input line 5.
LaTeX Font Info:    ... okay on input line 5.
LaTeX Font Info:    Checking defaults for OMS/cmsy/m/n on input line 5.
LaTeX Font Info:    ... okay on input line 5.
LaTeX Font Info:    Checking defaults for OMX/cmex/m/n on input line 5.
LaTeX Font Info:    ... okay on input line 5.
LaTeX Font Info:    Checking defaults for U/cmr/m/n on input line 5.
LaTeX Font Info:    ... okay on input line 5.
LaTeX Font Info:    Checking defaults for PD1/pdf/m/n on input line 5.
LaTeX Font Info:    ... okay on input line 5.
LaTeX Font Info:    Try loading font information for OT1+ptm on input line 5.

(/afs/cs.wisc.edu/s/tetex-3.0/i386_tao10/share/texmf/tex/latex/psnfss/ot1ptm.fd
File: ot1ptm.fd 2001/06/04 font definitions for OT1/ptm.
)
(/afs/cs.wisc.edu/s/tetex-3.0/i386_tao10/share/texmf/tex/context/base/supp-pdf.
tex
(/afs/cs.wisc.edu/s/tetex-3.0/i386_tao10/share/texmf/tex/context/base/supp-mis.
tex
loading : Context Support Macros / Miscellaneous (2004.10.26)
\protectiondepth=\count94
\scratchcounter=\count95
\scratchtoks=\toks17
\scratchdimen=\dimen107
\scratchskip=\skip43
\scratchmuskip=\muskip11
\scratchbox=\box26
\scratchread=\read1
\scratchwrite=\write4
\zeropoint=\dimen108
\onepoint=\dimen109
\onebasepoint=\dimen110
\minusone=\count96
\thousandpoint=\dimen111
\onerealpoint=\dimen112
\emptytoks=\toks18
\nextbox=\box27
\nextdepth=\dimen113
\everyline=\toks19
\!!counta=\count97
\!!countb=\count98
\recursecounter=\count99
)
loading : Context Support Macros / PDF (2004.03.26)
\nofMPsegments=\count100
\nofMParguments=\count101
\MPscratchCnt=\count102
\MPscratchDim=\dimen114
\MPnumerator=\count103
\everyMPtoPDFconversion=\toks20
)
Package hyperref Info: Link coloring OFF on input line 5.

(/afs/cs.wisc.edu/s/tetex-3.0/i386_tao10/share/texmf/tex/latex/hyperref/nameref
.sty
Package: nameref 2003/12/03 v2.21 Cross-referencing by name of section
\c@section@level=\count104
)
LaTeX Info: Redefining \ref on input line 5.
LaTeX Info: Redefining \pageref on input line 5.
 (./main.out) (./main.out)
\openout3 = `main.out'.

LaTeX Font Info:    Try loading font information for OT1+phv on input line 27.

(/afs/cs.wisc.edu/s/tetex-3.0/i386_tao10/share/texmf/tex/latex/psnfss/ot1phv.fd
File: ot1phv.fd 2001/06/04 scalable font definitions for OT1/phv.
)
LaTeX Font Info:    External font `cmex10' loaded for size
(Font)              <12> on input line 27.
LaTeX Font Info:    External font `cmex10' loaded for size
(Font)              <8> on input line 27.
LaTeX Font Info:    External font `cmex10' loaded for size
(Font)              <6> on input line 27.


LaTeX Warning: No \author given.

(./about.tex
LaTeX Font Info:    Font shape `OT1/ptm/bx/n' in size <14.4> not available
(Font)              Font shape `OT1/ptm/b/n' tried instead on input line 1.
LaTeX Font Info:    Font shape `OT1/ptm/bx/n' in size <12> not available
(Font)              Font shape `OT1/ptm/b/n' tried instead on input line 5.
LaTeX Font Info:    Try loading font information for OMS+ptm on input line 8.

(/afs/cs.wisc.edu/s/tetex-3.0/i386_tao10/share/texmf/tex/latex/psnfss/omsptm.fd
File: omsptm.fd 
)
LaTeX Font Info:    Font shape `OMS/ptm/m/n' in size <10> not available
(Font)              Font shape `OMS/cmsy/m/n' tried instead on input line 8.
LaTeX Font Info:    Try loading font information for OT1+pcr on input line 8.

(/afs/cs.wisc.edu/s/tetex-3.0/i386_tao10/share/texmf/tex/latex/psnfss/ot1pcr.fd
File: ot1pcr.fd 2001/06/04 font definitions for OT1/pcr.
)) (./intro.tex [1

{/afs/cs.wisc.edu/s/tetex-3.0/i386_tao10/share/texmf/fonts/map/pdftex/pdftex.ma
p}]
LaTeX Font Info:    External font `cmex10' loaded for size
(Font)              <7> on input line 36.
LaTeX Font Info:    External font `cmex10' loaded for size
(Font)              <5> on input line 36.
) (./buildenv.tex
Overfull \hbox (5.61923pt too wide) in paragraph at lines 32--1
[]
 []


Underfull \hbox (badness 10000) in paragraph at lines 32--1

 []


Overfull \hbox (2.23764pt too wide) in paragraph at lines 4--6
\OT1/ptm/m/n/10 TxLib is built by in-vok-ing the SCons soft-ware con-struc-tion
 tool in the []\OT1/pcr/m/n/10 $XCALLS_HOME
 []


Overfull \hbox (1.8782pt too wide) in paragraph at lines 16--18
[][]\OT1/pcr/m/n/10 linkage=[dynamic, static] \OT1/ptm/m/n/10 Builds ei-ther a 
dy-namic shared li-brary (.so)
 []

LaTeX Font Info:    Font shape `OT1/ptm/bx/n' in size <10> not available
(Font)              Font shape `OT1/ptm/b/n' tried instead on input line 29.
[2]

LaTeX Warning: Reference `section:xcalls:memalloc' on page 3 undefined on input
 line 71.

) (./api.tex
Overfull \hbox (7.43767pt too wide) in paragraph at lines 59--1
\OT1/ptm/m/n/10 trans-ac-tional ver-sion of mem-ory al-lo-ca-tion rou-tines (\O
T1/pcr/m/n/10 malloc, realloc, calloc,
 []


Overfull \hbox (28.8977pt too wide) in paragraph at lines 59--1
\OT1/ptm/m/n/10 the in-lin-ing. To avoid such un-ex-pected prob-lems we rec-om-
mend pass-ing the \OT1/pcr/m/n/10 -fno-builtin
 []


Overfull \hbox (6.18898pt too wide) in paragraph at lines 17--17
[][]\OT1/pcr/m/n/10 GET_TRANSACTION_MODE
 []


Underfull \hbox (badness 10000) in paragraph at lines 20--20
[][]\OT1/pcr/m/n/10 XACT_SWITCH_TO_
 []


Overfull \hbox (24.0pt too wide) in alignment at lines 12--22
[][]
 []


Underfull \hbox (badness 10000) in paragraph at lines 11--28

 []

[3]
Overfull \hbox (27.0pt too wide) in paragraph at lines 58--58
[]         \OT1/pcr/m/n/10 txc_result_t (*action)(unsigned int, unsigned int *)
,[] 
 []


Overfull \hbox (27.0pt too wide) in paragraph at lines 72--72
[]         \OT1/pcr/m/n/10 txc_result_t (*action)(unsigned int, unsigned int *)
,[] 
 []

[4]
Overfull \hbox (45.49544pt too wide) in alignment at lines 105--109
[][]
 []


Overfull \hbox (11.43306pt too wide) in paragraph at lines 105--110
[][] 
 []

) (./goodpractice.tex [5]
Overfull \hbox (18.1776pt too wide) in paragraph at lines 44--51
[]\OT1/ptm/m/n/10 Use macro sym-bols []\OT1/pcr/m/n/10 TM_CALLABLE \OT1/ptm/m/n
/10 and []\OT1/pcr/m/n/10 TM_WAIVER \OT1/ptm/m/n/10 in-stead of []\OT1/pcr/m/n/
10 __attribute__
 []

[6]) [7] (./main.aux)

LaTeX Warning: There were undefined references.

 ) 
Here is how much of TeX's memory you used:
 2791 strings out of 94500
 39343 string characters out of 1171060
 87462 words of memory out of 1000000
 5891 multiletter control sequences out of 10000+50000
 21375 words of font info for 45 fonts, out of 500000 for 2000
 580 hyphenation exceptions out of 1000
 27i,9n,36p,216b,336s stack positions out of 1500i,500n,5000p,200000b,5000s
PDF statistics:
 126 PDF objects out of 300000
 34 named destinations out of 131072
 153 words of extra memory for PDF output out of 65536
{/afs/cs.wisc.edu/s/tetex-3.0/i386_tao10/share/texmf/fonts/enc/dvips/psnfss/8
r.enc}{/afs/cs.wisc.edu/s/tetex-3.0/i386_tao10/share/texmf/fonts/enc/dvips/tete
x/bbad153f.enc}</afs/cs.wisc.edu/s/tetex-3.0/i386_tao10/share/texmf/fonts/type1
/bluesky/cm/cmsy10.pfb>
Output written on main.pdf (7 pages, 27561 bytes).
